Line 52: Class Mh3dfrmLibCtl.Mh3dFrame of control Mh3dFrame2 was not a loaded control class.
Line 268: Class Mh3dlblLib.Mh3dLabel of control Mh3dLabel3 was not a loaded control class.
Line 295: Class Mh3dlblLib.Mh3dLabel of control Mh3dLabel1 was not a loaded control class.
Line 322: Class Mh3dlblLib.Mh3dLabel of control Mh3dLabel2 was not a loaded control class.
Line 349: Class Mh3dlblLib.Mh3dLabel of control Mh3dLabel5 was not a loaded control class.
Line 376: Class Mh3dlblLib.Mh3dLabel of control Mh3dLabel9 was not a loaded control class.
Line 403: Class Mh3dlblLib.Mh3dLabel of control Mh3dLabel4 was not a loaded control class.
Line 430: Class Mh3dlblLib.Mh3dLabel of control Mh3dLabel6 was not a loaded control class.
Line 457: Class Mh3dlblLib.Mh3dLabel of control Mh3dLabel7 was not a loaded control class.
Line 484: Class Mh3dlblLib.Mh3dLabel of control Mh3dLabel8 was not a loaded control class.
Line 511: Class Mh3dlblLib.Mh3dLabel of control Mh3dLabel10 was not a loaded control class.
Line 538: Class Mh3dlblLib.Mh3dLabel of control Mh3dLabel11 was not a loaded control class.
Line 565: Class Mh3dlblLib.Mh3dLabel of control Mh3dLabel12 was not a loaded control class.
Line 592: Class Mh3dlblLib.Mh3dLabel of control Mh3dLabel13 was not a loaded control class.
Line 619: Class Mh3dlblLib.Mh3dLabel of control Mh3dLabel14 was not a loaded control class.
Line 646: Class Mh3dlblLib.Mh3dLabel of control Mh3dLabel15 was not a loaded control class.
Line 673: Class Mh3dlblLib.Mh3dLabel of control Mh3dLabel16 was not a loaded control class.
Line 700: Class Mh3dlblLib.Mh3dLabel of control Mh3dLabel17 was not a loaded control class.
Line 728: Class Mh3dlblLib.Mh3dLabel of control Mh3dLabel18 was not a loaded control class.
Line 755: Class Mh3dlblLib.Mh3dLabel of control Mh3dLabel21 was not a loaded control class.
Line 782: Class Mh3dlblLib.Mh3dLabel of control Mh3dLabel19 was not a loaded control class.
Line 810: Class Mh3dlblLib.Mh3dLabel of control Mh3dLabel20 was not a loaded control class.
Line 837: Class Mh3dlblLib.Mh3dLabel of control Mh3dLabel23 was not a loaded control class.
Line 864: Class Mh3dlblLib.Mh3dLabel of control Mh3dLabel24 was not a loaded control class.
Line 891: Class Mh3dlblLib.Mh3dLabel of control Mh3dLabel25 was not a loaded control class.
Line 918: Class Mh3dlblLib.Mh3dLabel of control Mh3dLabel26 was not a loaded control class.
Line 946: Class Mh3dlblLib.Mh3dLabel of control Mh3dLabel27 was not a loaded control class.
Line 973: Class Mh3dlblLib.Mh3dLabel of control Mh3dLabel28 was not a loaded control class.
Line 1000: Class Mh3dlblLib.Mh3dLabel of control Mh3dLabel22 was not a loaded control class.
Line 1027: Class Mh3dlblLib.Mh3dLabel of control Mh3dLabel29 was not a loaded control class.
Line 1054: Class TDBDate6Ctl.TDBDate of control MhDateInput1 was not a loaded control class.
Line 1116: Class TDBDate6Ctl.TDBDate of control MhDateInput3 was not a loaded control class.
Line 1178: Class TDBDate6Ctl.TDBDate of control MhDateInput2 was not a loaded control class.
Line 1240: Class Mh3dlblLib.Mh3dLabel of control Mh3dLabel30 was not a loaded control class.
Line 1267: Class Mh3dlblLib.Mh3dLabel of control Mh3dLabel31 was not a loaded control class.
Line 1294: Class TDBNumber6Ctl.TDBNumber of control MhRealInput1 was not a loaded control class.
Line 1352: Class TDBNumber6Ctl.TDBNumber of control MhRealInput2 was not a loaded control class.
Line 1411: Class TDBNumber6Ctl.TDBNumber of control MhRealInput19 was not a loaded control class.
Line 1470: Class TDBNumber6Ctl.TDBNumber of control MhRealInput15 was not a loaded control class.
Line 1529: Class TDBNumber6Ctl.TDBNumber of control MhRealInput17 was not a loaded control class.
Line 1588: Class TDBNumber6Ctl.TDBNumber of control MhRealInput20 was not a loaded control class.
Line 1647: Class TDBNumber6Ctl.TDBNumber of control MhRealInput21 was not a loaded control class.
Line 1706: Class TDBNumber6Ctl.TDBNumber of control MhRealInput22 was not a loaded control class.
Line 1764: Class TDBNumber6Ctl.TDBNumber of control MhRealInput3 was not a loaded control class.
Line 1824: Class TDBNumber6Ctl.TDBNumber of control MhRealInput23 was not a loaded control class.
Line 1884: Class TDBNumber6Ctl.TDBNumber of control MhRealInput24 was not a loaded control class.
Line 1944: Class TDBNumber6Ctl.TDBNumber of control MhRealInput4 was not a loaded control class.
Line 2002: Class TDBNumber6Ctl.TDBNumber of control MhRealInput7 was not a loaded control class.
Line 2061: Class TDBNumber6Ctl.TDBNumber of control MhRealInput6 was not a loaded control class.
Line 2121: Class TDBNumber6Ctl.TDBNumber of control MhRealInput25 was not a loaded control class.
Line 2181: Class TDBNumber6Ctl.TDBNumber of control MhRealInput26 was not a loaded control class.
Line 2241: Class TDBNumber6Ctl.TDBNumber of control MhRealInput5 was not a loaded control class.
Line 2299: Class TDBNumber6Ctl.TDBNumber of control MhRealInput8 was not a loaded control class.
Line 2358: Class TDBNumber6Ctl.TDBNumber of control MhRealInput14 was not a loaded control class.
Line 2416: Class TDBNumber6Ctl.TDBNumber of control MhRealInput18 was not a loaded control class.
Line 2475: Class TDBNumber6Ctl.TDBNumber of control MhRealInput9 was not a loaded control class.
Line 2533: Class TDBNumber6Ctl.TDBNumber of control MhRealInput10 was not a loaded control class.
Line 2592: Class TDBNumber6Ctl.TDBNumber of control MhRealInput27 was not a loaded control class.
Line 2650: Class TDBNumber6Ctl.TDBNumber of control MhRealInput11 was not a loaded control class.
Line 2708: Class TDBNumber6Ctl.TDBNumber of control MhRealInput12 was not a loaded control class.
Line 2767: Class TDBNumber6Ctl.TDBNumber of control MhRealInput13 was not a loaded control class.
Line 2826: Class TDBNumber6Ctl.TDBNumber of control MhRealInput16 was not a loaded control class.
Line 2884: Class FPSpreadADO.fpSpread of control fpSpread1 was not a loaded control class.
Line 2910: Class Mh3dlblLib.Mh3dLabel of control Mh3dLabel32 was not a loaded control class.
Line 2938: Class Mh3dlblLib.Mh3dLabel of control Mh3dLabel32 was not a loaded control class.
Line 2966: Class TDBDate6Ctl.TDBDate of control MhDateInput31 was not a loaded control class.
Line 3028: Class Mh3dlblLib.Mh3dLabel of control Mh3dLabel51 was not a loaded control class.
Line 3055: Class TDBNumber6Ctl.TDBNumber of control MhRealInput101 was not a loaded control class.
Line 3114: Class Mh3dlblLib.Mh3dLabel of control Mh3dLabel17 was not a loaded control class.
Line 3142: Class Mh3dlblLib.Mh3dLabel of control Mh3dLabel32 was not a loaded control class.
Line 3170: Class Mh3dlblLib.Mh3dLabel of control Mh3dLabel26 was not a loaded control class.
Line 3198: Class Mh3dlblLib.Mh3dLabel of control Mh3dLabel32 was not a loaded control class.
Line 3226: Class TDBDate6Ctl.TDBDate of control MhDateInput17 was not a loaded control class.
Line 3288: Class TDBDate6Ctl.TDBDate of control MhDateInput18 was not a loaded control class.
Line 3350: Class Mh3dlblLib.Mh3dLabel of control Mh3dLabel32 was not a loaded control class.
Line 3378: Class MSForms.ComboBox of control Combo31 was not a loaded control class.
Line 3398: Class MSForms.ComboBox of control Combo21 was not a loaded control class.
Line 3417: Class MSForms.ComboBox of control Combo3 was not a loaded control class.
Line 3461: Class MSForms.ComboBox of control Combo2 was not a loaded control class.
Line 3486: Class MSForms.ComboBox of control Combo1 was not a loaded control class.
