Line 57: Class MBBrowse.BrowseFF of control BrowseFF1 was not a loaded control class.
Line 77: Class MSComctlLib.Toolbar of control Toolbar1 was not a loaded control class.
Line 184: Class MSComctlLib.ImageList of control ImageList1 was not a loaded control class.
Line 271: Class MSComctlLib.ProgressBar of control ProgressBar1 was not a loaded control class.
Line 285: Class MSComctlLib.StatusBar of control StatusBar1 was not a loaded control class.
Line 60: The property name _ExtentX in BrowseFF1 is invalid.
Line 61: The property name _ExtentY in BrowseFF1 is invalid.
Line 62: The property name ReturnOnlyFSDirs in BrowseFF1 is invalid.
Line 63: The property name ShowCurrentPath in BrowseFF1 is invalid.
Line 64: The property name ShowEditBox in BrowseFF1 is invalid.
Line 65: The property name ValidatePath in BrowseFF1 is invalid.
Line 66: The property name StartUpPosition in BrowseFF1 is invalid.
Line 84: The property name _ExtentX in Toolbar1 is invalid.
Line 85: The property name _ExtentY in Toolbar1 is invalid.
Line 86: The property name ButtonWidth in Toolbar1 is invalid.
Line 87: The property name ButtonHeight in Toolbar1 is invalid.
Line 88: The property name AllowCustomize in Toolbar1 is invalid.
Line 90: The property name Style in Toolbar1 is invalid.
Line 91: The property name ImageList in Toolbar1 is invalid.
Line 92: The property name _Version in Toolbar1 is invalid.
Line 182: The property name Buttons in Toolbar1 is invalid.
Line 187: The property name _ExtentX in ImageList1 is invalid.
Line 188: The property name _ExtentY in ImageList1 is invalid.
Line 190: The property name ImageWidth in ImageList1 is invalid.
Line 191: The property name ImageHeight in ImageList1 is invalid.
Line 192: The property name MaskColor in ImageList1 is invalid.
Line 193: The property name _Version in ImageList1 is invalid.
Line 256: The property name Images in ImageList1 is invalid.
Line 278: The property name _ExtentX in ProgressBar1 is invalid.
Line 279: The property name _ExtentY in ProgressBar1 is invalid.
Line 280: The property name _Version in ProgressBar1 is invalid.
Line 282: The property name Scrolling in ProgressBar1 is invalid.
Line 292: The property name _ExtentX in StatusBar1 is invalid.
Line 293: The property name _ExtentY in StatusBar1 is invalid.
Line 294: The property name _Version in StatusBar1 is invalid.
Line 323: The property name Panels in StatusBar1 is invalid.
